16:11:05.299 karate.env system property was:  
16:11:08.696 request:
1 > DELETE https://reqres.in/api/products/3
1 > Accept-Encoding: gzip,deflate
1 > Connection: Keep-Alive
1 > Content-type: application/json
1 > Host: reqres.in
1 > User-Agent: Apache-HttpClient/4.5.12 (Java/14.0.2)

16:11:10.892 response time in milliseconds: 2195.03
1 < 204
1 < Access-Control-Allow-Origin: *
1 < CF-Cache-Status: DYNAMIC
1 < CF-RAY: 5d5aeeb78eb519e5-SIN
1 < Connection: keep-alive
1 < Content-Length: 0
1 < Date: Sun, 20 Sep 2020 10:41:10 GMT
1 < Etag: W/"2-vyGp6PvFo4RvsFtPoIWeCReyIC8"
1 < Expect-CT: max-age=604800, report-uri="https://report-uri.cloudflare.com/cdn-cgi/beacon/expect-ct"
1 < Server: cloudflare
1 < Set-Cookie: __cfduid=df471cebc20d95a163d7debf4c2fd3a8b1600598470; expires=Tue, 20-Oct-20 10:41:10 GMT; path=/; domain=.reqres.in; HttpOnly; SameSite=Lax; Secure
1 < Via: 1.1 vegur
1 < X-Powered-By: Express
1 < cf-request-id: 054cb386b4000019e5be81a200000001

16:11:10.907 [print] 
