14:06:27.186 karate.env system property was:  
14:06:31.019 request:
1 > POST https://reqres.in/api/users?delay=3
1 > Accept-Encoding: gzip,deflate
1 > Connection: Keep-Alive
1 > Content-Length: 34
1 > Content-Type: application/json; charset=UTF-8
1 > Host: reqres.in
1 > User-Agent: Apache-HttpClient/4.5.12 (Java/14.0.2)
{"name":"morpheus","job":"leader"}

14:06:36.257 response time in milliseconds: 5229.93
1 < 201
1 < Access-Control-Allow-Origin: *
1 < CF-Cache-Status: DYNAMIC
1 < CF-RAY: 5d5a344739f4d9dc-SIN
1 < Connection: keep-alive
1 < Content-Length: 84
1 < Content-Type: application/json; charset=utf-8
1 < Date: Sun, 20 Sep 2020 08:33:57 GMT
1 < Etag: W/"54-xgQWq51EsXAZAjf1Hi1hcY/f6Ns"
1 < Expect-CT: max-age=604800, report-uri="https://report-uri.cloudflare.com/cdn-cgi/beacon/expect-ct"
1 < Server: cloudflare
1 < Set-Cookie: __cfduid=d1912152029835c298818f7e4e8eadc2a1600590833; expires=Tue, 20-Oct-20 08:33:53 GMT; path=/; domain=.reqres.in; HttpOnly; SameSite=Lax; Secure
1 < Via: 1.1 vegur
1 < X-Powered-By: Express
1 < cf-request-id: 054c3f00800000d9dcf3bee200000001
{"name":"morpheus","job":"leader","id":"344","createdAt":"2020-09-20T08:33:57.095Z"}

14:06:36.263 [print] {
  "createdAt": "2020-09-20T08:33:57.095Z",
  "name": "morpheus",
  "id": "344",
  "job": "leader"
}

