16:11:05.267 karate.env system property was:  
16:11:08.690 request:
1 > POST https://reqres.in/api/users?delay=3
1 > Accept-Encoding: gzip,deflate
1 > Connection: Keep-Alive
1 > Content-Length: 34
1 > Content-Type: application/json; charset=UTF-8
1 > Host: reqres.in
1 > User-Agent: Apache-HttpClient/4.5.12 (Java/14.0.2)
{"name":"morpheus","job":"leader"}

16:11:13.864 response time in milliseconds: 5146.01
1 < 201
1 < Access-Control-Allow-Origin: *
1 < CF-Cache-Status: DYNAMIC
1 < CF-RAY: 5d5aeeb78acfdce6-SIN
1 < Connection: keep-alive
1 < Content-Length: 84
1 < Content-Type: application/json; charset=utf-8
1 < Date: Sun, 20 Sep 2020 10:41:13 GMT
1 < Etag: W/"54-Rs9VHrznd/ZXFIhvUtg/qwJTZng"
1 < Expect-CT: max-age=604800, report-uri="https://report-uri.cloudflare.com/cdn-cgi/beacon/expect-ct"
1 < Server: cloudflare
1 < Set-Cookie: __cfduid=dd7f15e617764de2e27b4990b852319b71600598470; expires=Tue, 20-Oct-20 10:41:10 GMT; path=/; domain=.reqres.in; HttpOnly; SameSite=Lax; Secure
1 < Via: 1.1 vegur
1 < X-Powered-By: Express
1 < cf-request-id: 054cb386b00000dce634953200000001
{"name":"morpheus","job":"leader","id":"376","createdAt":"2020-09-20T10:41:13.625Z"}

16:11:13.869 [print] {
  "createdAt": "2020-09-20T10:41:13.625Z",
  "name": "morpheus",
  "id": "376",
  "job": "leader"
}

