16:11:05.282 karate.env system property was:  
16:11:08.700 request:
1 > GET http://dummy.restapiexample.com/api/v1/employee/1
1 > Accept-Encoding: gzip,deflate
1 > Connection: Keep-Alive
1 > Host: dummy.restapiexample.com
1 > User-Agent: Apache-HttpClient/4.5.12 (Java/14.0.2)

16:11:10.156 response time in milliseconds: 1454.64
1 < 200
1 < Cache-Control: no-cache, private, max-age=31536000
1 < Content-Length: 179
1 < Content-Type: application/json
1 < Date: Sun, 20 Sep 2020 10:41:10 GMT
1 < Display: staticcontent_sol
1 < Expires: Mon, 20 Sep 2021 10:41:09 GMT
1 < Host-Header: c2hhcmVkLmJsdWVob3N0LmNvbQ==
1 < Referrer-Policy: 
1 < Response: 200
1 < Server: nginx/1.16.0
1 < Vary: [Accept-Encoding, Accept-Encoding,User-Agent,Origin]
1 < X-Ezoic-Cdn: Miss
1 < X-Middleton-Display: staticcontent_sol
1 < X-Middleton-Response: 200
1 < X-Ratelimit-Limit: 60
1 < X-Ratelimit-Remaining: 58
1 < X-Sol: pub_site
{"status":"success","data":{"id":1,"employee_name":"Tiger Nixon","employee_salary":320800,"employee_age":61,"profile_image":""},"message":"Successfully! Record has been fetched."}

16:11:10.159 [print] {
  "data": {
    "profile_image": "",
    "employee_name": "Tiger Nixon",
    "employee_salary": 320800,
    "id": 1,
    "employee_age": 61
  },
  "message": "Successfully! Record has been fetched.",
  "status": "success"
}

